<?xml version="1.0" encoding="UTF-8"?>
<testsuite xmlns:xsi="http://www.w3.org/2001/XMLSchema-instance" xsi:noNamespaceSchemaLocation="https://maven.apache.org/surefire/maven-surefire-plugin/xsd/surefire-test-report.xsd" name="com.at.springboot.Springboot02Config02ApplicationTests" time="3.828" tests="1" errors="0" skipped="0" failures="0">
  <properties>
    <property name="sun.desktop" value="windows"/>
    <property name="awt.toolkit" value="sun.awt.windows.WToolkit"/>
    <property name="file.encoding.pkg" value="sun.io"/>
    <property name="java.specification.version" value="1.8"/>
    <property name="sun.cpu.isalist" value="pentium_pro+mmx pentium_pro pentium+mmx pentium i486 i386 i86"/>
    <property name="sun.jnu.encoding" value="GBK"/>
    <property name="java.class.path" value="D:\workspace\springboot_learning\springboot02_config02\target\test-classes;D:\workspace\springboot_learning\springboot02_config02\target\classes;E:\JavaEE\maven\apache-maven-3.2.5\repository\org\springframework\boot\spring-boot-starter-web\2.6.4\spring-boot-starter-web-2.6.4.jar;E:\JavaEE\maven\apache-maven-3.2.5\repository\org\springframework\boot\spring-boot-starter\2.6.4\spring-boot-starter-2.6.4.jar;E:\JavaEE\maven\apache-maven-3.2.5\repository\org\springframework\boot\spring-boot\2.6.4\spring-boot-2.6.4.jar;E:\JavaEE\maven\apache-maven-3.2.5\repository\org\springframework\boot\spring-boot-autoconfigure\2.6.4\spring-boot-autoconfigure-2.6.4.jar;E:\JavaEE\maven\apache-maven-3.2.5\repository\org\springframework\boot\spring-boot-starter-logging\2.6.4\spring-boot-starter-logging-2.6.4.jar;E:\JavaEE\maven\apache-maven-3.2.5\repository\ch\qos\logback\logback-classic\1.2.10\logback-classic-1.2.10.jar;E:\JavaEE\maven\apache-maven-3.2.5\repository\ch\qos\logback\logback-core\1.2.10\logback-core-1.2.10.jar;E:\JavaEE\maven\apache-maven-3.2.5\repository\org\apache\logging\log4j\log4j-to-slf4j\2.17.1\log4j-to-slf4j-2.17.1.jar;E:\JavaEE\maven\apache-maven-3.2.5\repository\org\apache\logging\log4j\log4j-api\2.17.1\log4j-api-2.17.1.jar;E:\JavaEE\maven\apache-maven-3.2.5\repository\org\slf4j\jul-to-slf4j\1.7.36\jul-to-slf4j-1.7.36.jar;E:\JavaEE\maven\apache-maven-3.2.5\repository\jakarta\annotation\jakarta.annotation-api\1.3.5\jakarta.annotation-api-1.3.5.jar;E:\JavaEE\maven\apache-maven-3.2.5\repository\org\yaml\snakeyaml\1.29\snakeyaml-1.29.jar;E:\JavaEE\maven\apache-maven-3.2.5\repository\org\springframework\boot\spring-boot-starter-json\2.6.4\spring-boot-starter-json-2.6.4.jar;E:\JavaEE\maven\apache-maven-3.2.5\repository\com\fasterxml\jackson\core\jackson-databind\2.13.1\jackson-databind-2.13.1.jar;E:\JavaEE\maven\apache-maven-3.2.5\repository\com\fasterxml\jackson\core\jackson-annotations\2.13.1\jackson-annotations-2.13.1.jar;E:\JavaEE\maven\apache-maven-3.2.5\repository\com\fasterxml\jackson\core\jackson-core\2.13.1\jackson-core-2.13.1.jar;E:\JavaEE\maven\apache-maven-3.2.5\repository\com\fasterxml\jackson\datatype\jackson-datatype-jdk8\2.13.1\jackson-datatype-jdk8-2.13.1.jar;E:\JavaEE\maven\apache-maven-3.2.5\repository\com\fasterxml\jackson\datatype\jackson-datatype-jsr310\2.13.1\jackson-datatype-jsr310-2.13.1.jar;E:\JavaEE\maven\apache-maven-3.2.5\repository\com\fasterxml\jackson\module\jackson-module-parameter-names\2.13.1\jackson-module-parameter-names-2.13.1.jar;E:\JavaEE\maven\apache-maven-3.2.5\repository\org\springframework\boot\spring-boot-starter-tomcat\2.6.4\spring-boot-starter-tomcat-2.6.4.jar;E:\JavaEE\maven\apache-maven-3.2.5\repository\org\apache\tomcat\embed\tomcat-embed-core\9.0.58\tomcat-embed-core-9.0.58.jar;E:\JavaEE\maven\apache-maven-3.2.5\repository\org\apache\tomcat\embed\tomcat-embed-el\9.0.58\tomcat-embed-el-9.0.58.jar;E:\JavaEE\maven\apache-maven-3.2.5\repository\org\apache\tomcat\embed\tomcat-embed-websocket\9.0.58\tomcat-embed-websocket-9.0.58.jar;E:\JavaEE\maven\apache-maven-3.2.5\repository\org\springframework\spring-web\5.3.16\spring-web-5.3.16.jar;E:\JavaEE\maven\apache-maven-3.2.5\repository\org\springframework\spring-beans\5.3.16\spring-beans-5.3.16.jar;E:\JavaEE\maven\apache-maven-3.2.5\repository\org\springframework\spring-webmvc\5.3.16\spring-webmvc-5.3.16.jar;E:\JavaEE\maven\apache-maven-3.2.5\repository\org\springframework\spring-aop\5.3.16\spring-aop-5.3.16.jar;E:\JavaEE\maven\apache-maven-3.2.5\repository\org\springframework\spring-context\5.3.16\spring-context-5.3.16.jar;E:\JavaEE\maven\apache-maven-3.2.5\repository\org\springframework\spring-expression\5.3.16\spring-expression-5.3.16.jar;E:\JavaEE\maven\apache-maven-3.2.5\repository\org\springframework\boot\spring-boot-starter-test\2.6.4\spring-boot-starter-test-2.6.4.jar;E:\JavaEE\maven\apache-maven-3.2.5\repository\org\springframework\boot\spring-boot-test\2.6.4\spring-boot-test-2.6.4.jar;E:\JavaEE\maven\apache-maven-3.2.5\repository\org\springframework\boot\spring-boot-test-autoconfigure\2.6.4\spring-boot-test-autoconfigure-2.6.4.jar;E:\JavaEE\maven\apache-maven-3.2.5\repository\com\jayway\jsonpath\json-path\2.6.0\json-path-2.6.0.jar;E:\JavaEE\maven\apache-maven-3.2.5\repository\net\minidev\json-smart\2.4.8\json-smart-2.4.8.jar;E:\JavaEE\maven\apache-maven-3.2.5\repository\net\minidev\accessors-smart\2.4.8\accessors-smart-2.4.8.jar;E:\JavaEE\maven\apache-maven-3.2.5\repository\org\ow2\asm\asm\9.1\asm-9.1.jar;E:\JavaEE\maven\apache-maven-3.2.5\repository\org\slf4j\slf4j-api\1.7.36\slf4j-api-1.7.36.jar;E:\JavaEE\maven\apache-maven-3.2.5\repository\jakarta\xml\bind\jakarta.xml.bind-api\2.3.3\jakarta.xml.bind-api-2.3.3.jar;E:\JavaEE\maven\apache-maven-3.2.5\repository\jakarta\activation\jakarta.activation-api\1.2.2\jakarta.activation-api-1.2.2.jar;E:\JavaEE\maven\apache-maven-3.2.5\repository\org\assertj\assertj-core\3.21.0\assertj-core-3.21.0.jar;E:\JavaEE\maven\apache-maven-3.2.5\repository\org\hamcrest\hamcrest\2.2\hamcrest-2.2.jar;E:\JavaEE\maven\apache-maven-3.2.5\repository\org\junit\jupiter\junit-jupiter\5.8.2\junit-jupiter-5.8.2.jar;E:\JavaEE\maven\apache-maven-3.2.5\repository\org\junit\jupiter\junit-jupiter-api\5.8.2\junit-jupiter-api-5.8.2.jar;E:\JavaEE\maven\apache-maven-3.2.5\repository\org\opentest4j\opentest4j\1.2.0\opentest4j-1.2.0.jar;E:\JavaEE\maven\apache-maven-3.2.5\repository\org\junit\platform\junit-platform-commons\1.8.2\junit-platform-commons-1.8.2.jar;E:\JavaEE\maven\apache-maven-3.2.5\repository\org\apiguardian\apiguardian-api\1.1.2\apiguardian-api-1.1.2.jar;E:\JavaEE\maven\apache-maven-3.2.5\repository\org\junit\jupiter\junit-jupiter-params\5.8.2\junit-jupiter-params-5.8.2.jar;E:\JavaEE\maven\apache-maven-3.2.5\repository\org\junit\jupiter\junit-jupiter-engine\5.8.2\junit-jupiter-engine-5.8.2.jar;E:\JavaEE\maven\apache-maven-3.2.5\repository\org\junit\platform\junit-platform-engine\1.8.2\junit-platform-engine-1.8.2.jar;E:\JavaEE\maven\apache-maven-3.2.5\repository\org\mockito\mockito-core\4.0.0\mockito-core-4.0.0.jar;E:\JavaEE\maven\apache-maven-3.2.5\repository\net\bytebuddy\byte-buddy\1.11.22\byte-buddy-1.11.22.jar;E:\JavaEE\maven\apache-maven-3.2.5\repository\net\bytebuddy\byte-buddy-agent\1.11.22\byte-buddy-agent-1.11.22.jar;E:\JavaEE\maven\apache-maven-3.2.5\repository\org\objenesis\objenesis\3.2\objenesis-3.2.jar;E:\JavaEE\maven\apache-maven-3.2.5\repository\org\mockito\mockito-junit-jupiter\4.0.0\mockito-junit-jupiter-4.0.0.jar;E:\JavaEE\maven\apache-maven-3.2.5\repository\org\skyscreamer\jsonassert\1.5.0\jsonassert-1.5.0.jar;E:\JavaEE\maven\apache-maven-3.2.5\repository\com\vaadin\external\google\android-json\0.0.20131108.vaadin1\android-json-0.0.20131108.vaadin1.jar;E:\JavaEE\maven\apache-maven-3.2.5\repository\org\springframework\spring-core\5.3.16\spring-core-5.3.16.jar;E:\JavaEE\maven\apache-maven-3.2.5\repository\org\springframework\spring-jcl\5.3.16\spring-jcl-5.3.16.jar;E:\JavaEE\maven\apache-maven-3.2.5\repository\org\springframework\spring-test\5.3.16\spring-test-5.3.16.jar;E:\JavaEE\maven\apache-maven-3.2.5\repository\org\xmlunit\xmlunit-core\2.8.4\xmlunit-core-2.8.4.jar;"/>
    <property name="java.vm.vendor" value="Oracle Corporation"/>
    <property name="sun.arch.data.model" value="32"/>
    <property name="user.variant" value=""/>
    <property name="java.vendor.url" value="http://java.oracle.com/"/>
    <property name="user.timezone" value="Asia/Shanghai"/>
    <property name="java.vm.specification.version" value="1.8"/>
    <property name="os.name" value="Windows 10"/>
    <property name="user.country" value="CN"/>
    <property name="sun.java.launcher" value="SUN_STANDARD"/>
    <property name="sun.boot.library.path" value="E:\JavaEE\jdk1.8.0_77\jre\bin"/>
    <property name="sun.java.command" value="C:\Users\asus\AppData\Local\Temp\surefire736753241841917110\surefirebooter7250420233623876879.jar C:\Users\asus\AppData\Local\Temp\surefire736753241841917110 2022-02-26T20-27-56_273-jvmRun1 surefire2094678587429191047tmp surefire_0593113979813018266tmp"/>
    <property name="surefire.test.class.path" value="D:\workspace\springboot_learning\springboot02_config02\target\test-classes;D:\workspace\springboot_learning\springboot02_config02\target\classes;E:\JavaEE\maven\apache-maven-3.2.5\repository\org\springframework\boot\spring-boot-starter-web\2.6.4\spring-boot-starter-web-2.6.4.jar;E:\JavaEE\maven\apache-maven-3.2.5\repository\org\springframework\boot\spring-boot-starter\2.6.4\spring-boot-starter-2.6.4.jar;E:\JavaEE\maven\apache-maven-3.2.5\repository\org\springframework\boot\spring-boot\2.6.4\spring-boot-2.6.4.jar;E:\JavaEE\maven\apache-maven-3.2.5\repository\org\springframework\boot\spring-boot-autoconfigure\2.6.4\spring-boot-autoconfigure-2.6.4.jar;E:\JavaEE\maven\apache-maven-3.2.5\repository\org\springframework\boot\spring-boot-starter-logging\2.6.4\spring-boot-starter-logging-2.6.4.jar;E:\JavaEE\maven\apache-maven-3.2.5\repository\ch\qos\logback\logback-classic\1.2.10\logback-classic-1.2.10.jar;E:\JavaEE\maven\apache-maven-3.2.5\repository\ch\qos\logback\logback-core\1.2.10\logback-core-1.2.10.jar;E:\JavaEE\maven\apache-maven-3.2.5\repository\org\apache\logging\log4j\log4j-to-slf4j\2.17.1\log4j-to-slf4j-2.17.1.jar;E:\JavaEE\maven\apache-maven-3.2.5\repository\org\apache\logging\log4j\log4j-api\2.17.1\log4j-api-2.17.1.jar;E:\JavaEE\maven\apache-maven-3.2.5\repository\org\slf4j\jul-to-slf4j\1.7.36\jul-to-slf4j-1.7.36.jar;E:\JavaEE\maven\apache-maven-3.2.5\repository\jakarta\annotation\jakarta.annotation-api\1.3.5\jakarta.annotation-api-1.3.5.jar;E:\JavaEE\maven\apache-maven-3.2.5\repository\org\yaml\snakeyaml\1.29\snakeyaml-1.29.jar;E:\JavaEE\maven\apache-maven-3.2.5\repository\org\springframework\boot\spring-boot-starter-json\2.6.4\spring-boot-starter-json-2.6.4.jar;E:\JavaEE\maven\apache-maven-3.2.5\repository\com\fasterxml\jackson\core\jackson-databind\2.13.1\jackson-databind-2.13.1.jar;E:\JavaEE\maven\apache-maven-3.2.5\repository\com\fasterxml\jackson\core\jackson-annotations\2.13.1\jackson-annotations-2.13.1.jar;E:\JavaEE\maven\apache-maven-3.2.5\repository\com\fasterxml\jackson\core\jackson-core\2.13.1\jackson-core-2.13.1.jar;E:\JavaEE\maven\apache-maven-3.2.5\repository\com\fasterxml\jackson\datatype\jackson-datatype-jdk8\2.13.1\jackson-datatype-jdk8-2.13.1.jar;E:\JavaEE\maven\apache-maven-3.2.5\repository\com\fasterxml\jackson\datatype\jackson-datatype-jsr310\2.13.1\jackson-datatype-jsr310-2.13.1.jar;E:\JavaEE\maven\apache-maven-3.2.5\repository\com\fasterxml\jackson\module\jackson-module-parameter-names\2.13.1\jackson-module-parameter-names-2.13.1.jar;E:\JavaEE\maven\apache-maven-3.2.5\repository\org\springframework\boot\spring-boot-starter-tomcat\2.6.4\spring-boot-starter-tomcat-2.6.4.jar;E:\JavaEE\maven\apache-maven-3.2.5\repository\org\apache\tomcat\embed\tomcat-embed-core\9.0.58\tomcat-embed-core-9.0.58.jar;E:\JavaEE\maven\apache-maven-3.2.5\repository\org\apache\tomcat\embed\tomcat-embed-el\9.0.58\tomcat-embed-el-9.0.58.jar;E:\JavaEE\maven\apache-maven-3.2.5\repository\org\apache\tomcat\embed\tomcat-embed-websocket\9.0.58\tomcat-embed-websocket-9.0.58.jar;E:\JavaEE\maven\apache-maven-3.2.5\repository\org\springframework\spring-web\5.3.16\spring-web-5.3.16.jar;E:\JavaEE\maven\apache-maven-3.2.5\repository\org\springframework\spring-beans\5.3.16\spring-beans-5.3.16.jar;E:\JavaEE\maven\apache-maven-3.2.5\repository\org\springframework\spring-webmvc\5.3.16\spring-webmvc-5.3.16.jar;E:\JavaEE\maven\apache-maven-3.2.5\repository\org\springframework\spring-aop\5.3.16\spring-aop-5.3.16.jar;E:\JavaEE\maven\apache-maven-3.2.5\repository\org\springframework\spring-context\5.3.16\spring-context-5.3.16.jar;E:\JavaEE\maven\apache-maven-3.2.5\repository\org\springframework\spring-expression\5.3.16\spring-expression-5.3.16.jar;E:\JavaEE\maven\apache-maven-3.2.5\repository\org\springframework\boot\spring-boot-starter-test\2.6.4\spring-boot-starter-test-2.6.4.jar;E:\JavaEE\maven\apache-maven-3.2.5\repository\org\springframework\boot\spring-boot-test\2.6.4\spring-boot-test-2.6.4.jar;E:\JavaEE\maven\apache-maven-3.2.5\repository\org\springframework\boot\spring-boot-test-autoconfigure\2.6.4\spring-boot-test-autoconfigure-2.6.4.jar;E:\JavaEE\maven\apache-maven-3.2.5\repository\com\jayway\jsonpath\json-path\2.6.0\json-path-2.6.0.jar;E:\JavaEE\maven\apache-maven-3.2.5\repository\net\minidev\json-smart\2.4.8\json-smart-2.4.8.jar;E:\JavaEE\maven\apache-maven-3.2.5\repository\net\minidev\accessors-smart\2.4.8\accessors-smart-2.4.8.jar;E:\JavaEE\maven\apache-maven-3.2.5\repository\org\ow2\asm\asm\9.1\asm-9.1.jar;E:\JavaEE\maven\apache-maven-3.2.5\repository\org\slf4j\slf4j-api\1.7.36\slf4j-api-1.7.36.jar;E:\JavaEE\maven\apache-maven-3.2.5\repository\jakarta\xml\bind\jakarta.xml.bind-api\2.3.3\jakarta.xml.bind-api-2.3.3.jar;E:\JavaEE\maven\apache-maven-3.2.5\repository\jakarta\activation\jakarta.activation-api\1.2.2\jakarta.activation-api-1.2.2.jar;E:\JavaEE\maven\apache-maven-3.2.5\repository\org\assertj\assertj-core\3.21.0\assertj-core-3.21.0.jar;E:\JavaEE\maven\apache-maven-3.2.5\repository\org\hamcrest\hamcrest\2.2\hamcrest-2.2.jar;E:\JavaEE\maven\apache-maven-3.2.5\repository\org\junit\jupiter\junit-jupiter\5.8.2\junit-jupiter-5.8.2.jar;E:\JavaEE\maven\apache-maven-3.2.5\repository\org\junit\jupiter\junit-jupiter-api\5.8.2\junit-jupiter-api-5.8.2.jar;E:\JavaEE\maven\apache-maven-3.2.5\repository\org\opentest4j\opentest4j\1.2.0\opentest4j-1.2.0.jar;E:\JavaEE\maven\apache-maven-3.2.5\repository\org\junit\platform\junit-platform-commons\1.8.2\junit-platform-commons-1.8.2.jar;E:\JavaEE\maven\apache-maven-3.2.5\repository\org\apiguardian\apiguardian-api\1.1.2\apiguardian-api-1.1.2.jar;E:\JavaEE\maven\apache-maven-3.2.5\repository\org\junit\jupiter\junit-jupiter-params\5.8.2\junit-jupiter-params-5.8.2.jar;E:\JavaEE\maven\apache-maven-3.2.5\repository\org\junit\jupiter\junit-jupiter-engine\5.8.2\junit-jupiter-engine-5.8.2.jar;E:\JavaEE\maven\apache-maven-3.2.5\repository\org\junit\platform\junit-platform-engine\1.8.2\junit-platform-engine-1.8.2.jar;E:\JavaEE\maven\apache-maven-3.2.5\repository\org\mockito\mockito-core\4.0.0\mockito-core-4.0.0.jar;E:\JavaEE\maven\apache-maven-3.2.5\repository\net\bytebuddy\byte-buddy\1.11.22\byte-buddy-1.11.22.jar;E:\JavaEE\maven\apache-maven-3.2.5\repository\net\bytebuddy\byte-buddy-agent\1.11.22\byte-buddy-agent-1.11.22.jar;E:\JavaEE\maven\apache-maven-3.2.5\repository\org\objenesis\objenesis\3.2\objenesis-3.2.jar;E:\JavaEE\maven\apache-maven-3.2.5\repository\org\mockito\mockito-junit-jupiter\4.0.0\mockito-junit-jupiter-4.0.0.jar;E:\JavaEE\maven\apache-maven-3.2.5\repository\org\skyscreamer\jsonassert\1.5.0\jsonassert-1.5.0.jar;E:\JavaEE\maven\apache-maven-3.2.5\repository\com\vaadin\external\google\android-json\0.0.20131108.vaadin1\android-json-0.0.20131108.vaadin1.jar;E:\JavaEE\maven\apache-maven-3.2.5\repository\org\springframework\spring-core\5.3.16\spring-core-5.3.16.jar;E:\JavaEE\maven\apache-maven-3.2.5\repository\org\springframework\spring-jcl\5.3.16\spring-jcl-5.3.16.jar;E:\JavaEE\maven\apache-maven-3.2.5\repository\org\springframework\spring-test\5.3.16\spring-test-5.3.16.jar;E:\JavaEE\maven\apache-maven-3.2.5\repository\org\xmlunit\xmlunit-core\2.8.4\xmlunit-core-2.8.4.jar;"/>
    <property name="sun.cpu.endian" value="little"/>
    <property name="user.home" value="C:\Users\asus"/>
    <property name="user.language" value="zh"/>
    <property name="java.specification.vendor" value="Oracle Corporation"/>
    <property name="java.home" value="E:\JavaEE\jdk1.8.0_77\jre"/>
    <property name="basedir" value="D:\workspace\springboot_learning\springboot02_config02"/>
    <property name="file.separator" value="\"/>
    <property name="line.separator" value="&#10;"/>
    <property name="java.vm.specification.vendor" value="Oracle Corporation"/>
    <property name="java.specification.name" value="Java Platform API Specification"/>
    <property name="java.awt.graphicsenv" value="sun.awt.Win32GraphicsEnvironment"/>
    <property name="surefire.real.class.path" value="C:\Users\asus\AppData\Local\Temp\surefire736753241841917110\surefirebooter7250420233623876879.jar"/>
    <property name="sun.boot.class.path" value="E:\JavaEE\jdk1.8.0_77\jre\lib\resources.jar;E:\JavaEE\jdk1.8.0_77\jre\lib\rt.jar;E:\JavaEE\jdk1.8.0_77\jre\lib\sunrsasign.jar;E:\JavaEE\jdk1.8.0_77\jre\lib\jsse.jar;E:\JavaEE\jdk1.8.0_77\jre\lib\jce.jar;E:\JavaEE\jdk1.8.0_77\jre\lib\charsets.jar;E:\JavaEE\jdk1.8.0_77\jre\lib\jfr.jar;E:\JavaEE\jdk1.8.0_77\jre\classes"/>
    <property name="user.script" value=""/>
    <property name="sun.management.compiler" value="HotSpot Client Compiler"/>
    <property name="java.runtime.version" value="1.8.0_77-b03"/>
    <property name="user.name" value="asus"/>
    <property name="path.separator" value=";"/>
    <property name="os.version" value="10.0"/>
    <property name="java.endorsed.dirs" value="E:\JavaEE\jdk1.8.0_77\jre\lib\endorsed"/>
    <property name="java.runtime.name" value="Java(TM) SE Runtime Environment"/>
    <property name="file.encoding" value="GBK"/>
    <property name="java.vm.name" value="Java HotSpot(TM) Client VM"/>
    <property name="localRepository" value="E:\JavaEE\maven\apache-maven-3.2.5\repository"/>
    <property name="java.vendor.url.bug" value="http://bugreport.sun.com/bugreport/"/>
    <property name="java.io.tmpdir" value="C:\Users\asus\AppData\Local\Temp\"/>
    <property name="idea.version" value="2021.1.2"/>
    <property name="java.version" value="1.8.0_77"/>
    <property name="user.dir" value="D:\workspace\springboot_learning\springboot02_config02"/>
    <property name="os.arch" value="x86"/>
    <property name="java.vm.specification.name" value="Java Virtual Machine Specification"/>
    <property name="java.awt.printerjob" value="sun.awt.windows.WPrinterJob"/>
    <property name="sun.os.patch.level" value=""/>
    <property name="java.library.path" value="E:\JavaEE\jdk1.8.0_77\jre\bin;C:\WINDOWS\Sun\Java\bin;C:\WINDOWS\system32;C:\WINDOWS;D:\oracle\product\10.2.0\db_1\bin;C:\ProgramData\Oracle\Java\javapath;C:\Program Files (x86)\Intel\iCLS Client\;C:\Program Files\Intel\iCLS Client\;C:\Windows\system32;C:\Windows;C:\Windows\System32\Wbem;C:\Windows\System32\WindowsPowerShell\v1.0\;C:\Program Files (x86)\Intel\Intel(R) Management Engine Components\DAL;C:\Program Files\Intel\Intel(R) Management Engine Components\DAL;C:\Program Files (x86)\Intel\Intel(R) Management Engine Components\IPT;C:\Program Files\Intel\Intel(R) Management Engine Components\IPT;C:\Program Files (x86)\NVIDIA Corporation\PhysX\Common;C:\WINDOWS\system32;C:\WINDOWS;C:\WINDOWS\System32\Wbem;C:\WINDOWS\System32\WindowsPowerShell\v1.0\;C:\Program Files\Java\jdk-9.0.4\bin;C:\Program Files\Java\jre-9.0.4\bin;C:\WINDOWS\System32\OpenSSH\;D:\mysql\bin;D:\software\nodejs\;C:\ProgramData\chocolatey\bin;E:\JavaEE\maven\apache-maven-3.2.5\bin;D:\software\svn\bin;D:\software\TortoiseSVN\bin;D:\software\TortoiseGit\bin;D:\software\Git\Git\cmd;C:\Users\asus\AppData\Local\Microsoft\WindowsApps;D:\mysql\bin;D:\software\nodejs\node_global;;."/>
    <property name="java.vm.info" value="mixed mode"/>
    <property name="java.vendor" value="Oracle Corporation"/>
    <property name="java.vm.version" value="25.77-b03"/>
    <property name="java.ext.dirs" value="E:\JavaEE\jdk1.8.0_77\jre\lib\ext;C:\WINDOWS\Sun\Java\lib\ext"/>
    <property name="sun.io.unicode.encoding" value="UnicodeLittle"/>
    <property name="maven.repo.local" value="E:\JavaEE\maven\apache-maven-3.2.5\repository"/>
    <property name="java.class.version" value="52.0"/>
  </properties>
  <testcase name="contextLoads" classname="com.at.springboot.Springboot02Config02ApplicationTests" time="0.512"/>
</testsuite>